Determining if the pthread_create exist failed with the following output:
Change Dir: /home/lumosnysm/lumosnysm_ws/build/CMakeFiles/CMakeTmp

Run Build Command:"/usr/bin/make" "cmTC_f9405/fast"
/usr/bin/make -f CMakeFiles/cmTC_f9405.dir/build.make CMakeFiles/cmTC_f9405.dir/build
make[1]: Entering directory '/home/lumosnysm/lumosnysm_ws/build/CMakeFiles/CMakeTmp'
Building C object CMakeFiles/cmTC_f9405.dir/CheckSymbolExists.c.o
/usr/bin/cc     -o CMakeFiles/cmTC_f9405.dir/CheckSymbolExists.c.o   -c /home/lumosnysm/lumosnysm_ws/build/CMakeFiles/CMakeTmp/CheckSymbolExists.c
Linking C executable cmTC_f9405
/usr/bin/cmake -E cmake_link_script CMakeFiles/cmTC_f9405.dir/link.txt --verbose=1
/usr/bin/cc       CMakeFiles/cmTC_f9405.dir/CheckSymbolExists.c.o  -o cmTC_f9405 -rdynamic 
CMakeFiles/cmTC_f9405.dir/CheckSymbolExists.c.o: In function `main':
CheckSymbolExists.c:(.text+0x16): undefined reference to `pthread_create'
collect2: error: ld returned 1 exit status
CMakeFiles/cmTC_f9405.dir/build.make:97: recipe for target 'cmTC_f9405' failed
make[1]: *** [cmTC_f9405] Error 1
make[1]: Leaving directory '/home/lumosnysm/lumosnysm_ws/build/CMakeFiles/CMakeTmp'
Makefile:126: recipe for target 'cmTC_f9405/fast' failed
make: *** [cmTC_f9405/fast] Error 2

File /home/lumosnysm/lumosnysm_ws/build/CMakeFiles/CMakeTmp/CheckSymbolExists.c:
/* */
#include <pthread.h>

int main(int argc, char** argv)
{
  (void)argv;
#ifndef pthread_create
  return ((int*)(&pthread_create))[argc];
#else
  (void)argc;
  return 0;
#endif
}

Determining if the function pthread_create exists in the pthreads failed with the following output:
Change Dir: /home/lumosnysm/lumosnysm_ws/build/CMakeFiles/CMakeTmp

Run Build Command:"/usr/bin/make" "cmTC_9ed71/fast"
/usr/bin/make -f CMakeFiles/cmTC_9ed71.dir/build.make CMakeFiles/cmTC_9ed71.dir/build
make[1]: Entering directory '/home/lumosnysm/lumosnysm_ws/build/CMakeFiles/CMakeTmp'
Building C object CMakeFiles/cmTC_9ed71.dir/CheckFunctionExists.c.o
/usr/bin/cc    -DCHECK_FUNCTION_EXISTS=pthread_create   -o CMakeFiles/cmTC_9ed71.dir/CheckFunctionExists.c.o   -c /usr/share/cmake-3.5/Modules/CheckFunctionExists.c
Linking C executable cmTC_9ed71
/usr/bin/cmake -E cmake_link_script CMakeFiles/cmTC_9ed71.dir/link.txt --verbose=1
/usr/bin/cc   -DCHECK_FUNCTION_EXISTS=pthread_create    CMakeFiles/cmTC_9ed71.dir/CheckFunctionExists.c.o  -o cmTC_9ed71 -rdynamic -lpthreads 
/usr/bin/ld: cannot find -lpthreads
collect2: error: ld returned 1 exit status
CMakeFiles/cmTC_9ed71.dir/build.make:97: recipe for target 'cmTC_9ed71' failed
make[1]: *** [cmTC_9ed71] Error 1
make[1]: Leaving directory '/home/lumosnysm/lumosnysm_ws/build/CMakeFiles/CMakeTmp'
Makefile:126: recipe for target 'cmTC_9ed71/fast' failed
make: *** [cmTC_9ed71/fast] Error 2


